G:/v1/files_for_testing/1机务系统教材版式规范模板-Word版-20190719.docx
处理封面页中
['D-K-XXXXX-XX', [], [], False]
['空军航空机务系统教材体系工程', [], ['空军航空机务系统教材', '体系工程'], False]
['X-XX型飞机', [], ['X', '-', 'XX', '型飞机'], False]
['XX设备与维护', ['XX', '设备与维护'], ['XX', '设备与维护'], False]
['第X分册', [], [], False]
['（部队军官训练教材）', [], ['（部队军官训练教材）'], False]
['XXX  主编', [], [], False]
['中国人民解放军空军装备部', [], [], False]
['二〇一九年X月', [], [], False]
处理摘要页中...
['内  容  提  要', [], [], False, True, False, False, False, False]
['本书介绍了……。', [], [], True, False, False, False, False, False]
['本书适用于……。', [], [], True, False, False, False, False, False]
['书  名：X-XX型飞机XX设备与维护（第X分册）', [], [], False, False, False, False, False, False]
['（军官训练用）', [], [], False, False, True, True, False, False]
['主  编：XXX', [], [], False, True, False, False, False, False]
['出  版：中国人民解放军空军装备部', [], [], False, False, False, False, False, False]
['排  版：中国人民解放军XXXXX部队印刷厂', [], [], False, False, False, False, False, False]
['印  刷：中国人民解放军XXXXX部队印刷厂', [], [], False, False, False, False, False, False]
['发  行：中国人民解放军空军装备部', [], [], False, False, False, False, False, False]
['开  本：787×1092  1/16', [], [], False, True, False, False, False, False]
['印  张：XXXXX', [], [], False, False, False, False, False, False]
['字  数：XXX千字', [], [], False, False, False, False, False, False]
['插  页：XX张', [], [], False, False, False, False, False, False]
['版  次：2019年X月第1版', [], [], False, False, False, False, False, False]
['印  次：2019年X月第1次印刷', [], [], False, False, False, False, False, False]
['印  数：1-XXXX', [], [], False, False, False, False, False, False]
['（内部发行）', [], [], False, True, True, False, False, False]
处理编审组页中...
航空机务系统教材体系工程
航电专业编审组
[]
[]
[]
[]
[]
['BSZ:"组  长："字体不正确，应为楷体']
['BSZ:"副组长："字体不正确，应为楷体']
['BSZ:"组  员："字体不正确，应为楷体', 'BSZ:"李战武"字体不正确，应为楷体', 'BSZ:"、"字体不正确，应为楷体', 'BSZ:"王红卫"字体不正确，应为楷体', 'BSZ:"、"字体不正确，应为楷体', 'BSZ:"吕"字体不正确，应为楷体', 'BSZ:"  "字体不正确，应为楷体', 'BSZ:"英"字体不正确，应为楷体', 'BSZ:"、"字体不正确，应为楷体', 'BSZ:"张吉广"字体不正确，应为楷体', 'BSZ:"、"字体不正确，应为楷体', 'BSZ:"乔凤卫"字体不正确，应为楷体', 'BSZ:"、"字体不正确，应为楷体']
[]
[]
False
False
False
False
False
False
False
False
False
False
处理前言页中...
['前    言', [], [], False, True, True, False, False, False]
['为了适应军事斗争和训练工作的需要，……。', [], [], True, False, False, False, False, False]
['本书根据“空军航空机务系统教材体系工程”的有关规定和要求，……。', [], [], True, False, False, False, False, False]
['“空军航空机务系统教材体系工程”系列教材，实行主编负责制和主审责任制，……。', [], [], True, False, False, False, False, False]
['本次编写工作以……。', [], [], True, False, False, False, False, False]
['由于作者水平所限，错讹之处望批评指正。', [], [], True, False, False, False, False, False]
['编  者', ['编', '  ', '者'], ['编', '  ', '者'], True, True, False, False, True, False]
['2019年XX月', ['2019', '年', 'XX', '月'], ['2019', 'XX'], True, False, False, False, True, False]
思考题标题错误...
第1章复习思考题标题错误:
['复习思考题', [], ['复习', '思考题'], False, True, True, False, False, False]
处理思考题内容...
['1．XX。', ['1', '．', 'XX', '。'], ['1', '．', 'XX', '。'], True, True, True, False, False, False]
['2．XX。', ['2', '．', 'XX', '。'], ['2', '．', 'XX', '。'], True, True, True, False, False, False]
处理正文中...
['D-K-XXXXX-XX', ['D-K-', 'XXXXX', '-', 'XX'], ['D-K-', 'XXXXX', '-', 'XX'], False, False, False, False, False, False]
['空军航空机务系统教材体系工程', ['空军航空机务系统教材', '体系工程'], ['空军航空机务系统教材', '体系工程'], False, False, False, False, False, False]
['X-XX型飞机', ['X', '-', 'XX', '型飞机'], ['X', '-', 'XX', '型飞机'], True, True, False, False, False, False]
['XX设备与维护', ['XX', '设备与维护'], ['XX', '设备与维护'], True, False, False, False, False, False]
['第X分册', ['第', 'X', '分册'], [], True, True, False, False, False, False]
['（部队军官训练教材）', ['（部队军官训练教材）'], [], True, True, False, False, False, False]
['XXX  主编', ['XXX', '  ', '主编'], ['XXX', '  ', '主编'], True, True, False, False, False, False]
['', [], [], True, False, False, False, False, False]
['', [], [], True, False, False, False, False, False]
['', [], [], True, False, False, False, False, False]
['', [], [], True, False, False, False, False, False]
['', [], [], True, False, False, False, False, False]
['', [], [], True, False, False, False, False, False]
['', [], [], True, False, False, False, False, False]
['', [], [], True, False, False, False, False, False]
['', [], [], True, False, False, False, False, False]
['', [], [], True, False, False, False, False, False]
['中国人民解放军空军装备部', ['中国人民解放军空军装备部'], ['中国人民解放军空军装备部'], True, False, False, False, False, False]
['二〇一九年X月', ['二', '〇', '一九年', 'X', '月'], [], True, True, False, False, False, False]
['', [], [], True, False, False, False, False, False]
['内  容  提  要', [], ['内', ' ', ' ', '容', ' ', ' ', '提', ' ', ' ', '要'], True, True, False, False, False, False]
['本书介绍了……。', ['本', '书', '介绍了', '…', '…', '。'], [], True, False, False, False, False, False]
['本书适用于……。', ['本书', '适用于', '……', '。'], [], True, False, False, False, False, False]
['', [], [], True, False, False, False, False, False]
['', [], [], True, False, False, False, False, False]
['', [], [], True, False, False, False, False, False]
['', [], [], True, False, False, False, False, False]
['', [], [], True, False, False, False, False, False]
['', [], [], True, False, False, False, False, False]
['', [], [], True, False, False, False, False, False]
['', [], [], True, False, False, False, False, False]
['', [], [], True, False, False, False, False, False]
['', [], [], True, False, False, False, False, False]
['', [], [], True, False, False, False, False, False]
['书  名：X-XX型飞机XX设备与维护（第X分册）', ['书 ', ' ', '名：', 'X', '-', 'XX', '型飞机', 'XX', '设备与维护', '（第X分册）'], [], False, False, False, False, False, False]
['（军官训练用）', ['（军官训练用）'], [], False, False, True, True, False, False]
['主  编：XXX', ['', '主 ', ' ', '编：', 'XXX'], [], False, True, False, False, False, False]
['出  版：中国人民解放军空军装备部', ['出 ', ' ', '版：中国人民解放军空军装备部'], [], False, False, False, False, False, False]
['排  版：中国人民解放军XXXXX部队印刷厂', ['排 ', ' ', '版：中国人民解放军XXXXX部队印刷厂'], [], False, False, False, False, False, False]
['印  刷：中国人民解放军XXXXX部队印刷厂', ['印 ', ' ', '刷：中国人民解放军XXXXX部队印刷厂'], [], False, False, False, False, False, False]
['发  行：中国人民解放军空军装备部', ['', '发 ', ' ', '行：中国人民解放军空军装备部'], [], False, False, False, False, False, False]
['开  本：787×1092  1/16', ['开 ', ' ', '本：787×', '1092  1', '/16'], [], False, True, False, False, False, False]
['印  张：XXXXX', ['印 ', ' ', '张：XXXXX'], [], False, False, False, False, False, False]
['字  数：XXX千字', ['字 ', ' ', '数：', 'XXX', '千字'], [], False, False, False, False, False, False]
['插  页：XX张', ['插 ', ' ', '页：', 'XX', '张'], [], False, False, False, False, False, False]
['版  次：2019年X月第1版', ['版 ', ' ', '次：2019年', 'X', '月第1版'], [], False, False, False, False, False, False]
['印  次：2019年X月第1次印刷', ['印 ', ' ', '次：2019年', 'X', '月第1次印刷'], [], False, False, False, False, False, False]
['印  数：1-XXXX', ['', '印', ' ', ' ', '数', '：', '1-XXXX'], [], False, False, False, False, False, False]
['（内部发行）', ['（', '内部发行', '）'], [], False, True, False, False, False, False]
['', [], [], True, False, False, False, False, False]
['航空机务系统教材体系工程', ['航空机务系统教材体系工程'], ['航空机务系统教材体系工程'], True, False, False, False, False, False]
['航电专业编审组', ['航电专业', '编审组'], ['航电专业', '编审组'], True, False, False, False, False, False]
['', [], [], True, False, False, False, False, False]
['', [], [], True, False, False, False, False, False]
['组  长：向  新', ['组  长：', '向  新'], ['组  长：', '向  新'], False, False, False, False, False, False]
['副组长：黄国庆', ['副组长：', '黄国庆'], ['副组长：', '黄国庆'], False, False, False, False, False, False]
['组  员：李战武、王红卫、吕  英、张吉广、乔凤卫、', ['组  员：', '李战武', '、', '王红卫', '、', '吕', '  ', '英', '、', '张吉广', '、', '乔凤卫', '、'], ['组  员：', '李战武', '、', '王红卫', '、', '吕', '  ', '英', '、', '张吉广', '、', '乔凤卫', '、'], False, False, False, False, False, False]
['李永田', ['李永田'], ['李永田'], False, False, True, True, False, False]
['', [], [], True, False, False, False, False, False]
['', [], [], True, False, False, False, False, False]
['', [], [], True, False, False, False, False, False]
['', [], [], True, False, False, False, False, False]
['', [], [], True, False, False, False, False, False]
['', [], [], True, False, False, False, False, False]
['', [], [], True, False, False, False, False, False]
['', [], [], True, False, False, False, False, False]
['', [], [], True, False, False, False, False, False]
['', [], [], True, False, False, False, False, False]
['', [], [], True, False, False, False, False, False]
['', [], [], True, False, False, False, False, False]
['', [], [], True, False, False, False, False, False]
['', [], [], True, False, False, False, False, False]
['', [], [], True, False, False, False, False, False]
['', [], [], True, False, False, False, False, False]
['', [], [], True, False, False, False, False, False]
['', [], [], True, False, False, False, False, False]
['', [], [], True, False, False, False, False, False]
['', [], [], True, False, False, False, False, False]
['', [], [], True, False, False, False, False, False]
['', [], [], True, False, False, False, False, False]
['前    言', ['前  ', '  ', '言'], ['前  ', '  ', '言'], True, True, False, False, False, False]
['为了适应军事斗争和训练工作的需要，……。', [], [], True, False, False, False, False, False]
['本书根据“空军航空机务系统教材体系工程”的有关规定和要求，……。', [], [], True, False, False, False, False, False]
['“空军航空机务系统教材体系工程”系列教材，实行主编负责制和主审责任制，……。', [], [], True, False, False, False, False, False]
['本次编写工作以……。', [], [], True, False, False, False, False, False]
['由于作者水平所限，错讹之处望批评指正。', [], [], True, False, False, False, False, False]
['编  者', ['编', '  ', '者'], ['编', '  ', '者'], True, True, False, False, True, False]
['2019年XX月', ['2019', '年', 'XX', '月'], ['2019', 'XX'], True, False, False, False, True, False]
['', [], [], True, False, False, False, False, False]
['', [], [], True, False, False, False, False, False]
['', [], [], True, False, False, False, False, False]
['', [], [], True, False, False, False, False, False]
['', [], [], True, False, False, False, False, False]
['', [], [], True, False, False, False, False, False]
['', [], [], True, False, False, False, False, False]
['', [], [], True, False, False, False, False, False]
['', [], [], True, False, False, False, False, False]
['', [], [], True, False, False, False, False, False]
['', [], [], True, False, False, False, False, False]
['', [], [], True, False, False, False, False, False]
['', [], [], True, False, False, False, False, False]
['', [], [], True, False, False, False, False, False]
['', [], [], True, False, False, False, False, False]
['', [], [], True, False, False, False, False, False]
['', [], [], True, False, False, False, False, False]
['', [], [], True, False, False, False, False, False]
['', [], [], True, False, False, False, False, False]
['目    录', ['目', ' ', '  ', ' ', '录'], ['目', ' ', '  ', ' ', '录'], True, True, False, False, False, False]
['', [], ['', '', ''], False, False, False, False, False, False]
['', [], [], False, False, False, False, False, False]
['', [], [], False, False, True, True, False, False]
['', [], [], False, False, True, True, False, False]
['', [], [], False, False, False, False, False, False]
['', [], [], False, False, False, False, False, False]
['', [], [], False, False, False, False, False, False]
['', [], [], False, False, False, False, False, False]
['', [], [], False, False, False, False, False, False]
['', [], [], False, False, False, False, False, False]
['', [], [], False, False, False, False, False, False]
['', [], [], False, False, False, False, False, False]
['', [], [''], True, False, False, False, False, False]
['', [], [], True, False, False, False, False, False]
['', [], [], True, False, False, False, False, False]
['现代战争是高技术条件下的信息化战争。在陆、海、空、天、电磁的多维现代战场中，以电子对抗为主要作战手段的信息作战改变了传统的作战模式，推动着战争的进程，决定了战争的结局。当代的几场高技术局部战争实践表明，电子对抗贯穿现代作战全过程，是战争的制高点，是提升作战能力的“催化剂”与“倍增器”。', [], [], True, False, False, False, False, False]
['它XX等（如图1-1所示），XX。', [], ['XX', '1-1', 'XX'], True, False, False, False, False, False]
['', [], [], True, False, False, False, False, False]
['', [], [''], True, False, False, False, False, False]
['XX。', [], ['XX'], True, False, False, False, False, False]
['XX。', [], ['XX'], True, False, False, False, False, False]
['XX。', [], ['XX'], True, False, False, False, False, False]
['XX。', [], ['XX'], True, False, False, False, False, False]
['XX。', [], ['XX'], True, False, False, False, False, False]
['XX。', [], ['XX'], True, False, False, False, False, False]
['XX。', [], ['XX'], True, False, False, False, False, False]
['XX。', [], ['XX'], True, False, False, False, False, False]
['XX。', [], ['XX'], True, False, False, False, False, False]
['XX。', [], ['XX'], True, False, False, False, False, False]
['XX。', [], ['XX'], True, False, False, False, False, False]
['XX。', [], ['XX'], True, False, False, False, False, False]
['XX。', [], ['XX'], True, False, False, False, False, False]
['XX。', [], ['XX'], True, False, False, False, False, False]
['XX。', [], ['XX'], True, False, False, False, False, False]
['XX。', [], ['XX'], True, False, False, False, False, False]
['XX。', [], ['XX'], True, False, False, False, False, False]
['XX。', [], ['XX'], True, False, False, False, False, False]
['XX。', [], ['XX'], True, False, False, False, False, False]
['XX。', [], ['XX'], True, False, False, False, False, False]
['XX。', [], ['XX'], True, False, False, False, False, False]
['XX。', [], ['XX'], True, False, False, False, False, False]
['XX。', [], ['XX'], True, False, False, False, False, False]
['XX。', [], ['XX'], True, False, False, False, False, False]
['XX。', [], ['XX'], True, False, False, False, False, False]
['XX。', [], ['XX'], True, False, False, False, False, False]
['XX。', [], ['XX'], True, False, False, False, False, False]
['XX。', [], ['XX'], True, False, False, False, False, False]
['XX。', [], ['XX'], True, False, False, False, False, False]
['XX。', [], ['XX'], True, False, False, False, False, False]
['XX。', [], ['XX'], True, False, False, False, False, False]
['XX。', [], ['XX'], True, False, False, False, False, False]
['XX。', [], ['XX'], True, False, False, False, False, False]
['XX。', [], ['XX'], True, False, False, False, False, False]
['系统设备组成如表1-1所示。', [], ['1-1'], True, False, False, False, False, False]
['XX。', [], ['XX'], True, False, False, False, False, False]
['幅度调制是正弦型载波的幅度随调制信号作线性变化的过程。设正弦型载波为', [], [], True, False, False, False, False, False]
['                          （1-1）', [], ['                          ', '1-1'], True, False, False, False, False, False]
['式中      —— 载波的幅度；', [], ['    ', ' ', ' ', ' '], False, False, False, False, False, False]
[' —— 载波的角频率；', [], [' ', ' '], False, False, True, True, False, False]
[' —— 载波的初始相位。', [], [' ', ' '], False, False, True, True, False, False]
['XX。', [], ['XX'], True, False, False, False, False, False]
['（1）干扰能力', [], ['1'], True, False, False, False, False, False]
['雷达对抗分系统能在宽开空域对工作在700 MHz～1 000 MHz频段上的常规脉冲实施有效干扰。', [], ['70', '0', ' ', 'MHz', '1 0', '00', ' ', 'MHz'], True, False, False, False, False, False]
['（2）系统连续工作时间 ………………………………………………………… 不小于5 h', [], ['2', ' ', ' ', '5 h'], True, False, False, False, False, False]
['（3）系统反应时间', [], ['3'], True, False, False, False, False, False]
['a．雷达对抗分系统 ……………………………………………………………………… ≤ 2 s', [], ['a', ' ', ' ', ' ', '2', ' ', 's'], True, False, False, False, False, False]
['b．通信对抗分系统', [], ['b'], True, False, False, False, False, False]
['常规定频通信 ………………………………………………………………… ≤ 500 ms', [], [' ', ' ', ' ', '500', ' ', 'ms'], True, False, True, True, False, False]
['跳频通信 ………………………………………………………………………… ≤ 2 ms', [], [' ', ' ', ' ', '2', ' ', 'ms'], True, False, True, True, False, False]
['XX。', [], ['XX'], True, False, False, False, False, False]
['XX。', [], ['XX'], True, False, False, False, False, False]
['XX。', [], ['XX'], True, False, False, False, False, False]
['XX。', [], ['XX'], True, False, False, False, False, False]
['XX。', [], ['XX'], True, False, False, False, False, False]
['XX。', [], ['XX'], True, False, False, False, False, False]
['XX。', [], ['XX'], True, False, False, False, False, False]
['XX。', [], ['XX'], True, False, False, False, False, False]
['XX。', [], ['XX'], True, False, False, False, False, False]
['小  结', ['小', '  ', '结'], ['小', '  ', '结'], True, True, False, False, False, False]
['XXXXXXXXXXXXXXXXXXXXXXXXXXXXXXXXXXXXXXXXXXXXXXXXXXXXXXXXXXXXXXXXXXXXXXXXX。', [], ['XXXXXX', 'XXXXXXXXXXXXXXXXXXXXXXXXXXXXXXXXXXXXXXXXXXXXXXXXXXXXXXXXXXXXXXXXXXX'], True, False, False, False, False, False]
['XX。', [], ['XX'], True, False, False, False, False, False]
['', [], [], True, False, False, False, False, False]
['', [], [], True, False, False, False, False, False]
['', [], [], True, False, False, False, False, False]
['', [], [], True, False, False, False, False, False]
['', [], [], True, False, False, False, False, False]
['', [], [], True, False, False, False, False, False]
['', [], [], True, False, False, False, False, False]
['', [], [], True, False, False, False, False, False]
['', [], [], True, False, False, False, False, False]
['', [], [], True, False, False, False, False, False]
['', [], [], True, False, False, False, False, False]
['', [], [], True, False, False, False, False, False]
['', [], [], True, False, False, False, False, False]
['', [], [], True, False, False, False, False, False]
['', [], [], True, False, False, False, False, False]
['', [], [], True, False, False, False, False, False]
['', [], [], True, False, False, False, False, False]
['', [], [], True, False, False, False, False, False]
['', [], [], True, False, False, False, False, False]
['', [], [], True, False, False, False, False, False]
['附    录', ['附', '    ', '录'], ['    '], True, True, False, False, False, False]
开始处理判断标题格式正确性...
['第1章  概  述', [], ['1', '  ', ' ', ' '], False, True, True, False, False, False]
['功用及组成 ', [], ['功用及组成', ' '], False, True, True, False, False, False]
['1.2  基本原理', ['1.2', '  ', '基本原理'], ['1.2', '  ', '基本原理'], False, True, True, False, False, False]
['1.3  性能指标', [], ['1.', '3', '  ', '性能', '指标'], False, True, True, False, False, False]
['1.4  Testing!', ['1.4  Testing', '!'], ['1.4  Testing', '!'], False, True, True, False, False, False]
['1.1.1  功  用', [], ['1.1', '.1', '  ', '功', ' ', ' ', '用'], True, False, False, False, False, False]
['1.1.2  组  成', ['1.', '1', '.2', '  ', '组', ' ', ' ', '成'], ['1.', '1', '.2', '  ', '组', ' ', ' ', '成'], True, True, False, False, False, False]
['1.1.2.1  XXXX', [], ['1.1.2.1  ', 'X', 'X', 'XX'], False, False, False, False, False, False]
['1.1.2.2  XXXX', [], ['1.1.2.', '2  ', 'XX', 'XX'], True, False, False, False, False, False]
开始处理附录页...
附录页信息不完整无法判断！提示：有且仅有一个大附录标题
['附录A  座舱盖系统', [], ['附录', 'A  ', '座舱盖系统'], False]
['附录B  座舱盖系统', [], ['附录', 'B', '  ', '座舱盖系统'], False]
